<?xml version="1.0" encoding="UTF-8"?>
<!-- Generated by org.testng.reporters.JUnitXMLReporter -->
<testsuite hostname="mukthara-a01.vmware.com" ignored="0" name="Surefire test" tests="3" failures="2" timestamp="2020-09-28T17:18:21 IST" time="1.238" errors="0">
  <testcase name="TestUserCacheQuery" time="1.109" classname="com.platform.core.TestsUser">
    <failure type="java.lang.AssertionError" message="expected [id=1,name=Mukthar,age=38,gender=M] but found [id=1,name=Mukthar,age=38,gender=M,ph=]">
      <![CDATA[java.lang.AssertionError: expected [id=1,name=Mukthar,age=38,gender=M] but found [id=1,name=Mukthar,age=38,gender=M,ph=]
at com.platform.core.TestsUser.TestUserCacheQuery(TestsUser.java:84)
at java.util.ArrayList.forEach(ArrayList.java:1257)
... Removed 38 stack frames]]>
    </failure>
  </testcase> <!-- TestUserCacheQuery -->
  <testcase name="TestUserChangingSchema" time="0.022" classname="com.platform.core.TestsUser"/>
  <testcase name="TestUserRegistration" time="0.009" classname="com.platform.core.TestsUser">
    <failure type="java.lang.AssertionError" message="expected [id=1,name=Mukthar,age=38,gender=M] but found [id=1,name=Mukthar,age=38,gender=M,ph=]">
      <![CDATA[java.lang.AssertionError: expected [id=1,name=Mukthar,age=38,gender=M] but found [id=1,name=Mukthar,age=38,gender=M,ph=]
at com.platform.core.TestsUser.TestUserRegistration(TestsUser.java:44)
at java.util.ArrayList.forEach(ArrayList.java:1257)
... Removed 38 stack frames]]>
    </failure>
  </testcase> <!-- TestUserRegistration -->
</testsuite> <!-- Surefire test -->
