<?xml version="1.0" encoding="UTF-8"?>
<!-- Generated by org.testng.reporters.JUnitXMLReporter -->
<testsuite hostname="mukthara-a01.vmware.com" ignored="0" name="Surefire test" tests="4" failures="0" timestamp="2020-09-28T19:23:47 IST" time="0.749" errors="0">
  <testcase name="TestUserById" time="0.076" classname="com.platform.core.TestsUser"/>
  <testcase name="TestUserCacheQuery" time="0.005" classname="com.platform.core.TestsUser"/>
  <testcase name="TestUserChangingSchema" time="0.016" classname="com.platform.core.TestsUser"/>
  <testcase name="TestUserRegistration" time="0.004" classname="com.platform.core.TestsUser"/>
</testsuite> <!-- Surefire test -->
