<?xml version="1.0" encoding="UTF-8"?>
<testng-results skipped="0" failed="0" ignored="0" total="1" passed="1">
  <reporter-output>
  </reporter-output>
  <suite name="Surefire suite" duration-ms="1090" started-at="2020-09-25T16:29:22 IST" finished-at="2020-09-25T16:29:23 IST">
    <groups>
    </groups>
    <test name="Surefire test" duration-ms="1090" started-at="2020-09-25T16:29:22 IST" finished-at="2020-09-25T16:29:23 IST">
      <class name="com.muks.redis.TestRedis">
        <test-method status="PASS" signature="testSanity()[pri:0, instance:com.muks.redis.TestRedis@6d00a15d]" name="testSanity" duration-ms="1061" started-at="2020-09-25T16:29:22 IST" finished-at="2020-09-25T16:29:23 IST">
          <reporter-output>
          </reporter-output>
        </test-method> <!-- testSanity -->
      </class> <!-- com.muks.redis.TestRedis -->
    </test> <!-- Surefire test -->
  </suite> <!-- Surefire suite -->
</testng-results>
