<?xml version="1.0" encoding="UTF-8"?>
<testng-results skipped="0" failed="0" ignored="0" total="0" passed="0">
  <reporter-output>
  </reporter-output>
  <suite name="com.platform.services.AppTest" duration-ms="8" started-at="2020-09-23T21:04:24 IST" finished-at="2020-09-23T21:04:24 IST">
    <groups>
    </groups>
    <test name="Command line test" duration-ms="8" started-at="2020-09-23T21:04:24 IST" finished-at="2020-09-23T21:04:24 IST">
    </test> <!-- Command line test -->
  </suite> <!-- com.platform.services.AppTest -->
</testng-results>
