<?xml version="1.0" encoding="UTF-8"?>
<testsuite xmlns:xsi="http://www.w3.org/2001/XMLSchema-instance" xsi:noNamespaceSchemaLocation="https://maven.apache.org/surefire/maven-surefire-plugin/xsd/surefire-test-report.xsd" name="com.platform.core.TestsUser" time="1" tests="4" errors="0" skipped="0" failures="0">
  <properties>
[...]
</properties>
  <testcase name="TestUserById" classname="com.platform.core.TestsUser" time="0.076"/>
  <testcase name="TestUserCacheQuery" classname="com.platform.core.TestsUser" time="0.006"/>
  <testcase name="TestUserChangingSchema" classname="com.platform.core.TestsUser" time="0.016"/>
  <testcase name="TestUserRegistration" classname="com.platform.core.TestsUser" time="0.005"/>
</testsuite>