<?xml version="1.0" encoding="UTF-8"?>
<testng-results skipped="0" failed="0" ignored="0" total="1" passed="1">
  <reporter-output>
  </reporter-output>
  <suite name="Surefire suite" duration-ms="629" started-at="2020-09-25T16:29:24 IST" finished-at="2020-09-25T16:29:25 IST">
    <groups>
    </groups>
    <test name="Surefire test" duration-ms="629" started-at="2020-09-25T16:29:24 IST" finished-at="2020-09-25T16:29:25 IST">
      <class name="com.platform.core.TestsUser">
        <test-method status="PASS" signature="initCache()[pri:0, instance:com.platform.core.TestsUser@5419f379]" name="initCache" is-config="true" duration-ms="545" started-at="2020-09-25T16:29:24 IST" finished-at="2020-09-25T16:29:25 IST">
          <reporter-output>
          </reporter-output>
        </test-method> <!-- initCache -->
        <test-method status="PASS" signature="TestUserRegistration()[pri:0, instance:com.platform.core.TestsUser@5419f379]" name="TestUserRegistration" duration-ms="63" started-at="2020-09-25T16:29:25 IST" finished-at="2020-09-25T16:29:25 IST">
          <reporter-output>
          </reporter-output>
        </test-method> <!-- TestUserRegistration -->
      </class> <!-- com.platform.core.TestsUser -->
    </test> <!-- Surefire test -->
  </suite> <!-- Surefire suite -->
</testng-results>
